<?xml version="1.0" encoding="UTF-8"?>
<robot generator="Robot 7.1.1 (Python 3.13.0 on win32)" generated="2024-11-08T15:19:26.200408" rpa="false" schemaversion="5">
<suite id="s1" name="Login Steps" source="c:\robot_framework\test\login_steps.robot">
<kw name="Open Browser" owner="SeleniumLibrary" type="SETUP">
<msg time="2024-11-08T15:19:26.746148" level="INFO">Opening browser 'chrome' to base url 'None'.</msg>
<arg>browser=chrome</arg>
<doc>Opens a new browser instance to the optional ``url``.</doc>
<status status="PASS" start="2024-11-08T15:19:26.745742" elapsed="2.450812"/>
</kw>
<test id="s1-t1" name="SuccessFul Login" line="14">
<kw name="I navigate to the login page" owner="login_keywords">
<kw name="Go To" owner="SeleniumLibrary">
<msg time="2024-11-08T15:19:29.198772" level="INFO">Opening url 'https://saucedemo.com/'</msg>
<arg>${URL}</arg>
<doc>Navigates the current browser window to the provided ``url``.</doc>
<status status="PASS" start="2024-11-08T15:19:29.198402" elapsed="0.986486"/>
</kw>
<arg>${URL}</arg>
<status status="PASS" start="2024-11-08T15:19:29.197781" elapsed="0.987415"/>
</kw>
<kw name="I input correct credentials" owner="login_keywords">
<kw name="Wait Until Element Is Visible" owner="SeleniumLibrary">
<arg>id=user-name</arg>
<doc>Waits until the element ``locator`` is visible.</doc>
<status status="PASS" start="2024-11-08T15:19:30.186422" elapsed="0.226483"/>
</kw>
<kw name="Input Text" owner="SeleniumLibrary">
<msg time="2024-11-08T15:19:30.413690" level="INFO">Typing text 'standard_user' into text field 'id=user-name'.</msg>
<arg>id=user-name</arg>
<arg>${USERNAME}</arg>
<doc>Types the given ``text`` into the text field identified by ``locator``.</doc>
<status status="PASS" start="2024-11-08T15:19:30.413263" elapsed="0.135330"/>
</kw>
<kw name="Input Text" owner="SeleniumLibrary">
<msg time="2024-11-08T15:19:30.549316" level="INFO">Typing text 'secret_sauce' into text field 'id=password'.</msg>
<arg>id=password</arg>
<arg>${PASSWORD}</arg>
<doc>Types the given ``text`` into the text field identified by ``locator``.</doc>
<status status="PASS" start="2024-11-08T15:19:30.548936" elapsed="0.100388"/>
</kw>
<arg>${USERNAME}</arg>
<arg>${PASSWORD}</arg>
<status status="PASS" start="2024-11-08T15:19:30.185818" elapsed="0.463840"/>
</kw>
<kw name="I click on the login button" owner="login_keywords">
<kw name="Click Button" owner="SeleniumLibrary">
<msg time="2024-11-08T15:19:30.651424" level="INFO">Clicking button 'id=login-button'.</msg>
<arg>id=login-button</arg>
<doc>Clicks the button identified by ``locator``.</doc>
<status status="PASS" start="2024-11-08T15:19:30.651101" elapsed="0.175429"/>
</kw>
<status status="PASS" start="2024-11-08T15:19:30.650644" elapsed="0.176158"/>
</kw>
<kw name="I am able view the home page" owner="login_keywords">
<kw name="Get Location" owner="SeleniumLibrary">
<msg time="2024-11-08T15:19:30.869049" level="INFO">${location} = https://www.saucedemo.com/inventory.html</msg>
<var>${location}</var>
<doc>Returns the current browser window URL.</doc>
<status status="PASS" start="2024-11-08T15:19:30.830266" elapsed="0.039017"/>
</kw>
<kw name="Should Be Equal" owner="BuiltIn">
<arg>${location}</arg>
<arg>https://www.saucedemo.com/inventory.html</arg>
<doc>Fails if the given objects are unequal.</doc>
<status status="PASS" start="2024-11-08T15:19:30.869569" elapsed="0.000421"/>
</kw>
<status status="PASS" start="2024-11-08T15:19:30.829749" elapsed="0.040441"/>
</kw>
<status status="PASS" start="2024-11-08T15:19:29.196916" elapsed="1.679395"/>
</test>
<test id="s1-t2" name="Unsuccessful Login - No credentials" line="22">
<kw name="I navigate to the login page" owner="login_keywords">
<kw name="Go To" owner="SeleniumLibrary">
<msg time="2024-11-08T15:19:30.888319" level="INFO">Opening url 'https://saucedemo.com/'</msg>
<arg>${URL}</arg>
<doc>Navigates the current browser window to the provided ``url``.</doc>
<status status="PASS" start="2024-11-08T15:19:30.888001" elapsed="0.114693"/>
</kw>
<arg>${URL}</arg>
<status status="PASS" start="2024-11-08T15:19:30.887324" elapsed="0.115639"/>
</kw>
<kw name="I input no credentials" owner="login_keywords">
<kw name="Wait Until Element Is Visible" owner="SeleniumLibrary">
<arg>id=user-name</arg>
<doc>Waits until the element ``locator`` is visible.</doc>
<status status="PASS" start="2024-11-08T15:19:31.004468" elapsed="0.022446"/>
</kw>
<status status="PASS" start="2024-11-08T15:19:31.003940" elapsed="0.023252"/>
</kw>
<kw name="I click on the login button" owner="login_keywords">
<kw name="Click Button" owner="SeleniumLibrary">
<msg time="2024-11-08T15:19:31.028652" level="INFO">Clicking button 'id=login-button'.</msg>
<arg>id=login-button</arg>
<doc>Clicks the button identified by ``locator``.</doc>
<status status="PASS" start="2024-11-08T15:19:31.028318" elapsed="0.053536"/>
</kw>
<status status="PASS" start="2024-11-08T15:19:31.027892" elapsed="0.054230"/>
</kw>
<kw name="I am able to see the expected erro message" owner="login_keywords">
<kw name="Wait Until Element Contains" owner="SeleniumLibrary">
<arg>class=error-message-container</arg>
<arg>${ERROR_MESSAGE}</arg>
<doc>Waits until the element ``locator`` contains ``text``.</doc>
<status status="PASS" start="2024-11-08T15:19:31.083286" elapsed="0.031208"/>
</kw>
<arg>Epic sadface: Username is required</arg>
<status status="PASS" start="2024-11-08T15:19:31.082777" elapsed="0.031982"/>
</kw>
<status status="PASS" start="2024-11-08T15:19:30.886197" elapsed="0.229071"/>
</test>
<test id="s1-t3" name="Unsuccessful Login - No Username" line="28">
<kw name="I navigate to the login page" owner="login_keywords">
<kw name="Go To" owner="SeleniumLibrary">
<msg time="2024-11-08T15:19:31.117712" level="INFO">Opening url 'https://saucedemo.com/'</msg>
<arg>${URL}</arg>
<doc>Navigates the current browser window to the provided ``url``.</doc>
<status status="PASS" start="2024-11-08T15:19:31.117459" elapsed="0.049916"/>
</kw>
<arg>${URL}</arg>
<status status="PASS" start="2024-11-08T15:19:31.116995" elapsed="0.050641"/>
</kw>
<kw name="I input only the password" owner="login_keywords">
<kw name="Wait Until Element Is Visible" owner="SeleniumLibrary">
<arg>id=user-name</arg>
<doc>Waits until the element ``locator`` is visible.</doc>
<status status="PASS" start="2024-11-08T15:19:31.168653" elapsed="0.023067"/>
</kw>
<kw name="Input Text" owner="SeleniumLibrary">
<msg time="2024-11-08T15:19:31.192423" level="INFO">Typing text 'secret_sauce' into text field 'id=password'.</msg>
<arg>id=password</arg>
<arg>${PASSWORD}</arg>
<doc>Types the given ``text`` into the text field identified by ``locator``.</doc>
<status status="PASS" start="2024-11-08T15:19:31.192054" elapsed="0.086787"/>
</kw>
<arg>${PASSWORD}</arg>
<status status="PASS" start="2024-11-08T15:19:31.168174" elapsed="0.110934"/>
</kw>
<kw name="I click on the login button" owner="login_keywords">
<kw name="Click Button" owner="SeleniumLibrary">
<msg time="2024-11-08T15:19:31.280596" level="INFO">Clicking button 'id=login-button'.</msg>
<arg>id=login-button</arg>
<doc>Clicks the button identified by ``locator``.</doc>
<status status="PASS" start="2024-11-08T15:19:31.280295" elapsed="0.047522"/>
</kw>
<status status="PASS" start="2024-11-08T15:19:31.279875" elapsed="0.048203"/>
</kw>
<kw name="I am able to see the expected erro message" owner="login_keywords">
<kw name="Wait Until Element Contains" owner="SeleniumLibrary">
<arg>class=error-message-container</arg>
<arg>${ERROR_MESSAGE}</arg>
<doc>Waits until the element ``locator`` contains ``text``.</doc>
<status status="PASS" start="2024-11-08T15:19:31.329690" elapsed="0.017151"/>
</kw>
<arg>Epic sadface: Username is required</arg>
<status status="PASS" start="2024-11-08T15:19:31.328999" elapsed="0.018107"/>
</kw>
<status status="PASS" start="2024-11-08T15:19:31.116394" elapsed="0.231145"/>
</test>
<test id="s1-t4" name="Unsuccessful Login - No password" line="35">
<kw name="I navigate to the login page" owner="login_keywords">
<kw name="Go To" owner="SeleniumLibrary">
<msg time="2024-11-08T15:19:31.350182" level="INFO">Opening url 'https://saucedemo.com/'</msg>
<arg>${URL}</arg>
<doc>Navigates the current browser window to the provided ``url``.</doc>
<status status="PASS" start="2024-11-08T15:19:31.349697" elapsed="0.049217"/>
</kw>
<arg>${URL}</arg>
<status status="PASS" start="2024-11-08T15:19:31.349235" elapsed="0.049937"/>
</kw>
<kw name="I input only the username" owner="login_keywords">
<kw name="Wait Until Element Is Visible" owner="SeleniumLibrary">
<arg>id=user-name</arg>
<doc>Waits until the element ``locator`` is visible.</doc>
<status status="PASS" start="2024-11-08T15:19:31.400223" elapsed="0.019510"/>
</kw>
<kw name="Input Text" owner="SeleniumLibrary">
<msg time="2024-11-08T15:19:31.420710" level="INFO">Typing text 'standard_user' into text field 'id=user-name'.</msg>
<arg>id=user-name</arg>
<arg>${USERNAME}</arg>
<doc>Types the given ``text`` into the text field identified by ``locator``.</doc>
<status status="PASS" start="2024-11-08T15:19:31.420060" elapsed="0.091072"/>
</kw>
<arg>${USERNAME}</arg>
<status status="PASS" start="2024-11-08T15:19:31.399727" elapsed="0.111674"/>
</kw>
<kw name="I click on the login button" owner="login_keywords">
<kw name="Click Button" owner="SeleniumLibrary">
<msg time="2024-11-08T15:19:31.512669" level="INFO">Clicking button 'id=login-button'.</msg>
<arg>id=login-button</arg>
<doc>Clicks the button identified by ``locator``.</doc>
<status status="PASS" start="2024-11-08T15:19:31.512374" elapsed="0.049668"/>
</kw>
<status status="PASS" start="2024-11-08T15:19:31.511963" elapsed="0.050390"/>
</kw>
<kw name="I am able to see the expected erro message" owner="login_keywords">
<kw name="Wait Until Element Contains" owner="SeleniumLibrary">
<arg>class=error-message-container</arg>
<arg>${ERROR_MESSAGE}</arg>
<doc>Waits until the element ``locator`` contains ``text``.</doc>
<status status="PASS" start="2024-11-08T15:19:31.564533" elapsed="0.018959"/>
</kw>
<arg>Epic sadface: Password is required</arg>
<status status="PASS" start="2024-11-08T15:19:31.564007" elapsed="0.019750"/>
</kw>
<status status="PASS" start="2024-11-08T15:19:31.348659" elapsed="0.235516"/>
</test>
<test id="s1-t5" name="Unsuccessful Login - Wrong credentials" line="42">
<kw name="I navigate to the login page" owner="login_keywords">
<kw name="Go To" owner="SeleniumLibrary">
<msg time="2024-11-08T15:19:31.586903" level="INFO">Opening url 'https://saucedemo.com/'</msg>
<arg>${URL}</arg>
<doc>Navigates the current browser window to the provided ``url``.</doc>
<status status="PASS" start="2024-11-08T15:19:31.586652" elapsed="0.093665"/>
</kw>
<arg>${URL}</arg>
<status status="PASS" start="2024-11-08T15:19:31.586176" elapsed="0.094435"/>
</kw>
<kw name="Wait Until Element Is Visible" owner="SeleniumLibrary">
<arg>id=user-name</arg>
<doc>Waits until the element ``locator`` is visible.</doc>
<status status="PASS" start="2024-11-08T15:19:31.681184" elapsed="0.020043"/>
</kw>
<kw name="Input Text" owner="SeleniumLibrary">
<msg time="2024-11-08T15:19:31.702076" level="INFO">Typing text 'nsnms' into text field 'id=user-name'.</msg>
<arg>id=user-name</arg>
<arg>nsnms</arg>
<doc>Types the given ``text`` into the text field identified by ``locator``.</doc>
<status status="PASS" start="2024-11-08T15:19:31.701738" elapsed="0.080142"/>
</kw>
<kw name="Input Text" owner="SeleniumLibrary">
<msg time="2024-11-08T15:19:31.782838" level="INFO">Typing text 'mms,s' into text field 'id=password'.</msg>
<arg>id=password</arg>
<arg>mms,s</arg>
<doc>Types the given ``text`` into the text field identified by ``locator``.</doc>
<status status="PASS" start="2024-11-08T15:19:31.782482" elapsed="0.071565"/>
</kw>
<kw name="I click on the login button" owner="login_keywords">
<kw name="Click Button" owner="SeleniumLibrary">
<msg time="2024-11-08T15:19:31.856755" level="INFO">Clicking button 'id=login-button'.</msg>
<arg>id=login-button</arg>
<doc>Clicks the button identified by ``locator``.</doc>
<status status="PASS" start="2024-11-08T15:19:31.856463" elapsed="0.053368"/>
</kw>
<status status="PASS" start="2024-11-08T15:19:31.855971" elapsed="0.054141"/>
</kw>
<kw name="I am able to see the expected erro message" owner="login_keywords">
<kw name="Wait Until Element Contains" owner="SeleniumLibrary">
<arg>class=error-message-container</arg>
<arg>${ERROR_MESSAGE}</arg>
<doc>Waits until the element ``locator`` contains ``text``.</doc>
<status status="PASS" start="2024-11-08T15:19:31.911229" elapsed="0.016374"/>
</kw>
<arg>Epic sadface: Username and password do not match any user in this service</arg>
<status status="PASS" start="2024-11-08T15:19:31.910697" elapsed="0.017172"/>
</kw>
<status status="PASS" start="2024-11-08T15:19:31.585531" elapsed="0.342761"/>
</test>
<status status="PASS" start="2024-11-08T15:19:26.208073" elapsed="5.723239"/>
</suite>
<statistics>
<total>
<stat pass="5" fail="0" skip="0">All Tests</stat>
</total>
<tag>
</tag>
<suite>
<stat pass="5" fail="0" skip="0" id="s1" name="Login Steps">Login Steps</stat>
</suite>
</statistics>
<errors>
</errors>
</robot>
